[debug] [2026-05-11T22:48:05.636Z] ----------------------------------------------------------------------
[debug] [2026-05-11T22:48:05.640Z] Command:       C:\Program Files\nodejs\node.exe C:\Users\Ken Levy\AppData\Roaming\npm\node_modules\firebase-tools\lib\bin\firebase.js init
[debug] [2026-05-11T22:48:05.640Z] CLI Version:   15.17.0
[debug] [2026-05-11T22:48:05.640Z] Platform:      win32
[debug] [2026-05-11T22:48:05.640Z] Node Version:  v24.13.1
[debug] [2026-05-11T22:48:05.640Z] Time:          Mon May 11 2026 15:48:05 GMT-0700 (Pacific Daylight Time)
[debug] [2026-05-11T22:48:05.640Z] ----------------------------------------------------------------------
[debug] 
[info] 
     ######## #### ########  ######## ########     ###     ######  ########
     ##        ##  ##     ## ##       ##     ##  ##   ##  ##       ##
     ######    ##  ########  ######   ########  #########  ######  ######
     ##        ##  ##    ##  ##       ##     ## ##     ##       ## ##
     ##       #### ##     ## ######## ########  ##     ##  ######  ########

You're about to initialize a Firebase project in this directory:

  C:\Users\Ken Levy\OneDrive\Documents\Business\Ohana\Memories

[debug] [2026-05-11T23:02:28.186Z] ExitPromptError: User force closed the prompt with SIGINT
    at Interface.sigint (C:\Users\Ken Levy\AppData\Roaming\npm\node_modules\firebase-tools\node_modules\@inquirer\core\dist\commonjs\lib\create-prompt.js:101:37)
    at Interface.emit (node:events:508:28)
    at [_ttyWrite] [as _ttyWrite] (node:internal/readline/interface:1327:18)
    at ReadStream.onkeypress (node:internal/readline/interface:284:20)
    at ReadStream.emit (node:events:520:35)
    at emitKeys (node:internal/readline/utils:371:14)
    at emitKeys.next (<anonymous>)
    at ReadStream.onData (node:internal/readline/emitKeypressEvents:64:36)
    at ReadStream.emit (node:events:508:28)
    at addChunk (node:internal/streams/readable:559:12)
[error] 
[error] Error: An unexpected error has occurred.
